<?xml version="1.0" encoding="UTF-8"?>
<!-- Generated by org.testng.reporters.JUnitReportReporter -->
<testsuite hostname="MacBook-Pro-3" name="com.test.Event" tests="3" failures="0" timestamp="8 Sep 2017 10:01:37 GMT" time="43.561" errors="0">
  <testcase name="LoginTest" time="1.707" classname="com.test.Event"/>
  <testcase name="Eventanalysis" time="34.719" classname="com.test.Event"/>
  <testcase name="Type" time="7.135" classname="com.test.Event"/>
</testsuite> <!-- com.test.Event -->
