<?xml version="1.0" encoding="UTF-8"?>
<!-- Generated by org.testng.reporters.JUnitReportReporter -->
<testsuite hostname="MacBook-Pro-3" name="com.test.Function" tests="3" failures="0" timestamp="1 Sep 2017 10:06:10 GMT" time="25.399" errors="0">
  <testcase name="Manage" time="18.807" classname="com.test.Function"/>
  <testcase name="Type" time="4.869" classname="com.test.Function"/>
  <testcase name="LoginTest" time="1.723" classname="com.test.Function"/>
</testsuite> <!-- com.test.Function -->
