<?xml version="1.0" encoding="UTF-8"?>
<!-- Generated by org.testng.reporters.JUnitReportReporter -->
<testsuite hostname="MacBook-Pro-3" name="com.test.TestJice" tests="2" failures="0" timestamp="29 Aug 2017 07:36:39 GMT" time="6.496" errors="0">
  <testcase name="Type" time="4.479" classname="com.test.TestJice"/>
  <testcase name="LoginTest" time="2.017" classname="com.test.TestJice"/>
</testsuite> <!-- com.test.TestJice -->
