<?xml version="1.0" encoding="UTF-8"?>
<!-- Generated by org.testng.reporters.JUnitReportReporter -->
<testsuite hostname="MacBook-Pro-3" name="com.test.TestTool" tests="3" failures="0" timestamp="15 Sep 2017 08:24:08 GMT" time="33.941" errors="0">
  <testcase name="Testol" time="24.866" classname="com.test.TestTool"/>
  <testcase name="Type" time="7.567" classname="com.test.TestTool"/>
  <testcase name="LoginTest" time="1.508" classname="com.test.TestTool"/>
</testsuite> <!-- com.test.TestTool -->
