<?xml version="1.0" encoding="UTF-8"?>
<!-- Generated by org.testng.reporters.JUnitReportReporter -->
<testsuite hostname="MacBook-Pro" name="com.test.Uanalysis" tests="3" failures="0" timestamp="28 Sep 2017 09:10:48 GMT" time="32.961" errors="0">
  <testcase name="LoginTest" time="1.907" classname="com.test.Uanalysis"/>
  <testcase name="Legend" time="23.488" classname="com.test.Uanalysis"/>
  <testcase name="Type" time="7.566" classname="com.test.Uanalysis"/>
</testsuite> <!-- com.test.Uanalysis -->
